{
        "Keywords": -9223372036854775808,
        "SeverityValue": 2,
        "SourceImage": "C:\\windows\\system32\\svchost.exe",
        "EventID": 10,
        "ProviderGuid": "{5770385F-C22A-43E0-BF4C-06F5698FFBD9}",
        "ExecutionProcessID": 3392,
        "Channel": "Microsoft-Windows-Sysmon/Operational",
        "host": "wec.internal.cloudapp.net",
        "AccountType": "User",
        "UserID": "S-1-5-18",
        "SourceProcessGUID": "{d273d0f0-e868-5f64-2200-000000000800}",
        "ThreadID": 5552,
        "TargetImage": "C:\\windows\\system32\\svchost.exe",
        "GrantedAccess": "0x3000",
        "EventType": "INFO",
        "Opcode": "Info",
        "EventTime": "2020-09-21 22:13:35",
        "EventReceivedTime": "2020-09-21 22:13:37",
        "@timestamp": "2020-09-22T02:13:37.997Z",
        "SourceModuleType": "im_msvistalog",
        "port": 64545,
        "AccountName": "SYSTEM",
        "RecordNumber": 3658630,
        "SourceProcessId": "1656",
        "SourceThreadId": "1712",
        "Task": 10,
        "Domain": "NT AUTHORITY",
        "@version": "1",
        "OpcodeValue": 0,
        "SourceModuleName": "eventlog",
        "TargetProcessGUID": "{d273d0f0-e868-5f64-2600-000000000800}",
        "Severity": "INFO",
        "SourceName": "Microsoft-Windows-Sysmon",
        "Version": 3,
        "TargetProcessId": "1816",
        "Category": "Process accessed (rule: ProcessAccess)",
        "CallTrace": "C:\\windows\\SYSTEM32\\ntdll.dll+9c534|C:\\windows\\System32\\KERNELBASE.dll+305fe|c:\\windows\\system32\\sysmain.dll+44b1f|c:\\windows\\system32\\sysmain.dll+1e899|c:\\windows\\system32\\sysmain.dll+1e7be|c:\\windows\\system32\\sysmain.dll+1e6a5|c:\\windows\\system32\\sysmain.dll+1e509|c:\\windows\\system32\\sysmain.dll+1c32b|c:\\windows\\system32\\sysmain.dll+1bf95|c:\\windows\\system32\\sysmain.dll+74b0d|c:\\windows\\system32\\sysmain.dll+73b32|c:\\windows\\system32\\sysmain.dll+601a3|C:\\windows\\system32\\svchost.exe+314c|C:\\windows\\System32\\sechost.dll+2de2|C:\\windows\\System32\\KERNEL32.DLL+17bd4|C:\\windows\\SYSTEM32\\ntdll.dll+6ce51",
        "UtcTime": "2020-09-22 02:13:35.797",
        "Hostname": "WORKSTATION6.theshire.local",
        "RuleName": "-",
        "tags": [
            "mordorDataset"
        ]
    },
    {
        "Keywords": -9223372036854775808,
        "SeverityValue": 2,
        "SourceImage": "C:\\windows\\system32\\svchost.exe",
        "EventID": 10,
        "ProviderGuid": "{5770385F-C22A-43E0-BF4C-06F5698FFBD9}",
        "ExecutionProcessID": 3392,
        "Channel": "Microsoft-Windows-Sysmon/Operational",
        "host": "wec.internal.cloudapp.net",
        "AccountType": "User",
        "UserID": "S-1-5-18",
        "SourceProcessGUID": "{d273d0f0-e868-5f64-2200-000000000800}",
        "ThreadID": 5552,
        "TargetImage": "C:\\windows\\System32\\svchost.exe",
        "GrantedAccess": "0x3000",
        "EventType": "INFO",
        "Opcode": "Info",
        "EventTime": "2020-09-21 22:13:35",
        "EventReceivedTime": "2020-09-21 22:13:37",
        "@timestamp": "2020-09-22T02:13:37.998Z",
        "SourceModuleType": "im_msvistalog",
        "port": 64545,
        "AccountName": "SYSTEM",
        "RecordNumber": 3658631,
        "SourceProcessId": "1656",
        "SourceThreadId": "1712",
        "Task": 10,
        "Domain": "NT AUTHORITY",
        "@version": "1",
        "OpcodeValue": 0,
        "SourceModuleName": "eventlog",
        "TargetProcessGUID": "{d273d0f0-e867-5f64-1700-000000000800}",
        "Severity": "INFO",
        "SourceName": "Microsoft-Windows-Sysmon",
        "Version": 3,
        "TargetProcessId": "1060",
        "Category": "Process accessed (rule: ProcessAccess)",
        "CallTrace": "C:\\windows\\SYSTEM32\\ntdll.dll+9c534|C:\\windows\\System32\\KERNELBASE.dll+305fe|c:\\windows\\system32\\sysmain.dll+44b1f|c:\\windows\\system32\\sysmain.dll+1e899|c:\\windows\\system32\\sysmain.dll+1e7be|c:\\windows\\system32\\sysmain.dll+1e6a5|c:\\windows\\system32\\sysmain.dll+1e509|c:\\windows\\system32\\sysmain.dll+1c32b|c:\\windows\\system32\\sysmain.dll+1bf95|c:\\windows\\system32\\sysmain.dll+74b0d|c:\\windows\\system32\\sysmain.dll+73b32|c:\\windows\\system32\\sysmain.dll+601a3|C:\\windows\\system32\\svchost.exe+314c|C:\\windows\\System32\\sechost.dll+2de2|C:\\windows\\System32\\KERNEL32.DLL+17bd4|C:\\windows\\SYSTEM32\\ntdll.dll+6ce51",
        "UtcTime": "2020-09-22 02:13:35.797",
        "Hostname": "WORKSTATION6.theshire.local",
        "RuleName": "-",
        "tags": [
            "mordorDataset"
        ]
    },
    {
        "Keywords": -9223372036854775808,
        "SeverityValue": 2,
        "SourceImage": "C:\\windows\\system32\\svchost.exe",
        "EventID": 10,
        "ProviderGuid": "{5770385F-C22A-43E0-BF4C-06F5698FFBD9}",
        "ExecutionProcessID": 3392,
        "Channel": "Microsoft-Windows-Sysmon/Operational",
        "host": "wec.internal.cloudapp.net",
        "AccountType": "User",
        "UserID": "S-1-5-18",
        "SourceProcessGUID": "{d273d0f0-e868-5f64-2200-000000000800}",
        "ThreadID": 5552,
        "TargetImage": "C:\\windows\\system32\\dwm.exe",
        "GrantedAccess": "0x3000",
        "EventType": "INFO",
        "Opcode": "Info",
        "EventTime": "2020-09-21 22:13:35",
        "EventReceivedTime": "2020-09-21 22:13:37",
        "@timestamp": "2020-09-22T02:13:37.998Z",
        "SourceModuleType": "im_msvistalog",
        "port": 64545,
        "AccountName": "SYSTEM",
        "RecordNumber": 3658632,
        "SourceProcessId": "1656",
        "SourceThreadId": "1712",
        "Task": 10,
        "Domain": "NT AUTHORITY",
        "@version": "1",
        "OpcodeValue": 0,
        "SourceModuleName": "eventlog",
        "TargetProcessGUID": "{d273d0f0-e867-5f64-1500-000000000800}",
        "Severity": "INFO",
        "SourceName": "Microsoft-Windows-Sysmon",
        "Version": 3,
        "TargetProcessId": "820",
        "Category": "Process accessed (rule: ProcessAccess)",
        "CallTrace": "C:\\windows\\SYSTEM32\\ntdll.dll+9c534|C:\\windows\\System32\\KERNELBASE.dll+305fe|c:\\windows\\system32\\sysmain.dll+44b1f|c:\\windows\\system32\\sysmain.dll+1e899|c:\\windows\\system32\\sysmain.dll+1e7be|c:\\windows\\system32\\sysmain.dll+1e6a5|c:\\windows\\system32\\sysmain.dll+1e509|c:\\windows\\system32\\sysmain.dll+1c32b|c:\\windows\\system32\\sysmain.dll+1bf95|c:\\windows\\system32\\sysmain.dll+74b0d|c:\\windows\\system32\\sysmain.dll+73b32|c:\\windows\\system32\\sysmain.dll+601a3|C:\\windows\\system32\\svchost.exe+314c|C:\\windows\\System32\\sechost.dll+2de2|C:\\windows\\System32\\KERNEL32.DLL+17bd4|C:\\windows\\SYSTEM32\\ntdll.dll+6ce51",
        "UtcTime": "2020-09-22 02:13:35.797",
        "Hostname": "WORKSTATION6.theshire.local",
        "RuleName": "-",
        "tags": [
            "mordorDataset"
        ]
    }